<?xml version="1.0" encoding="utf-8"?><testsuites name="pytest tests"><testsuite name="pytest" errors="0" failures="0" skipped="0" tests="17" time="6.097" timestamp="2026-04-30T20:07:06.503691+00:00" hostname="agent-env-267fb86d-2458-420f-aed3-19eb383d8a8f"><testcase classname="backend.tests.test_pos_api.TestAuth" name="test_admin_login" time="0.519" /><testcase classname="backend.tests.test_pos_api.TestAuth" name="test_cajero_login" time="0.376" /><testcase classname="backend.tests.test_pos_api.TestAuth" name="test_invalid_login" time="0.180" /><testcase classname="backend.tests.test_pos_api.TestCatalog" name="test_products_list" time="0.518" /><testcase classname="backend.tests.test_pos_api.TestCatalog" name="test_companies" time="0.114" /><testcase classname="backend.tests.test_pos_api.TestCatalog" name="test_stores" time="0.589" /><testcase classname="backend.tests.test_pos_api.TestCatalog" name="test_users_admin_only" time="0.130" /><testcase classname="backend.tests.test_pos_api.TestCatalog" name="test_users_cajero_forbidden" time="0.491" /><testcase classname="backend.tests.test_pos_api.TestCatalog" name="test_barcode_lookup" time="0.124" /><testcase classname="backend.tests.test_pos_api.TestCatalog" name="test_barcode_not_found" time="0.243" /><testcase classname="backend.tests.test_pos_api.TestRBAC" name="test_cajero_cannot_create_product" time="0.393" /><testcase classname="backend.tests.test_pos_api.TestRBAC" name="test_cajero_cannot_create_company" time="0.109" /><testcase classname="backend.tests.test_pos_api.TestSales" name="test_create_sale_decrements_stock" time="0.396" /><testcase classname="backend.tests.test_pos_api.TestSales" name="test_card_sale_with_terminal_ref" time="0.298" /><testcase classname="backend.tests.test_pos_api.TestExpenses" name="test_create_expense" time="0.761" /><testcase classname="backend.tests.test_pos_api.TestReports" name="test_report_summary_keys" time="0.117" /><testcase classname="backend.tests.test_pos_api.TestSync" name="test_sync_dedup" time="0.511" /></testsuite></testsuites>